#-----------------------------------------------------------
# Vivado v2018.3 (64-bit)
# SW Build 2405991 on Thu Dec  6 23:38:27 MST 2018
# IP Build 2404404 on Fri Dec  7 01:43:56 MST 2018
# Start of session at: Fri Jul 31 10:35:59 2020
# Process ID: 17148
# Current directory: D:/FPGA project/Color Recognition/Color_Demo
# Command line: vivado.exe -gui_launcher_event rodinguilauncherevent11044 D:\FPGA project\Color Recognition\Color_Demo\Color_Demo.xpr
# Log file: D:/FPGA project/Color Recognition/Color_Demo/vivado.log
# Journal file: D:/FPGA project/Color Recognition/Color_Demo\vivado.jou
#-----------------------------------------------------------
start_gui
open_project {D:/FPGA project/Color Recognition/Color_Demo/Color_Demo.xpr}
INFO: [Project 1-313] Project file moved from 'D:/Color Recognition/Color_Demo' since last save.
Scanning sources...
Finished scanning sources
WARNING: [filemgmt 56-2] IP Repository Path: Could not find the directory 'D:/IP_Core/Camera-IP/IP/CSI2AXIS_1.0_IP', nor could it be found using path 'D:/../IP_Core/Camera-IP/IP/CSI2AXIS_1.0_IP'.
WARNING: [filemgmt 56-2] IP Repository Path: Could not find the directory 'D:/IP_Core/Camera-IP/IP/CSI2DPHY_RX_1.0_IP', nor could it be found using path 'D:/../IP_Core/Camera-IP/IP/CSI2DPHY_RX_1.0_IP'.
WARNING: [filemgmt 56-2] IP Repository Path: Could not find the directory 'D:/IP_Core/HDMI-IP/IP/RGB2DVI_IP', nor could it be found using path 'D:/../IP_Core/HDMI-IP/IP/RGB2DVI_IP'.
INFO: [filemgmt 56-1] IP Repository Path: Directory not found as 'D:/FPGA project/SEA-master/Examples/FPGA-IP/Camera-IP/IP/CSI2AXIS_1.0_IP'; using path 'D:/SEA-master/Examples/FPGA-IP/Camera-IP/IP/CSI2AXIS_1.0_IP' instead.
INFO: [filemgmt 56-1] IP Repository Path: Directory not found as 'D:/FPGA project/SEA-master/Examples/FPGA-IP/Camera-IP/IP/CSI2DPHY_RX_1.0_IP'; using path 'D:/SEA-master/Examples/FPGA-IP/Camera-IP/IP/CSI2DPHY_RX_1.0_IP' instead.
INFO: [filemgmt 56-1] IP Repository Path: Directory not found as 'D:/FPGA project/SEA-master/Examples/FPGA-IP/Mini-HDMI-IP'; using path 'D:/SEA-master/Examples/FPGA-IP/Mini-HDMI-IP' instead.
INFO: [IP_Flow 19-234] Refreshing IP repositories
WARNING: [IP_Flow 19-2248] Failed to load user IP repository 'd:/IP_Core/Camera-IP/IP/CSI2AXIS_1.0_IP'; Can't find the specified path.
If this directory should no longer be in your list of user repositories, go to the IP Settings dialog and remove it.
WARNING: [IP_Flow 19-2248] Failed to load user IP repository 'd:/IP_Core/Camera-IP/IP/CSI2DPHY_RX_1.0_IP'; Can't find the specified path.
If this directory should no longer be in your list of user repositories, go to the IP Settings dialog and remove it.
WARNING: [IP_Flow 19-2248] Failed to load user IP repository 'd:/IP_Core/HDMI-IP/IP/RGB2DVI_IP'; Can't find the specified path.
If this directory should no longer be in your list of user repositories, go to the IP Settings dialog and remove it.
INFO: [IP_Flow 19-1700] Loaded user IP repository 'd:/SEA-master/Examples/FPGA-IP/Camera-IP/IP/CSI2AXIS_1.0_IP'.
INFO: [IP_Flow 19-1700] Loaded user IP repository 'd:/SEA-master/Examples/FPGA-IP/Camera-IP/IP/CSI2DPHY_RX_1.0_IP'.
INFO: [IP_Flow 19-1700] Loaded user IP repository 'd:/SEA-master/Examples/FPGA-IP/Mini-HDMI-IP'.
INFO: [IP_Flow 19-2313] Loaded Vivado IP repository 'D:/Vivado/Vivado/2018.3/data/ip'.
open_project: Time (s): cpu = 00:00:30 ; elapsed = 00:00:17 . Memory (MB): peak = 732.652 ; gain = 145.340
update_compile_order -fileset sources_1
exit
INFO: [Common 17-206] Exiting Vivado at Fri Jul 31 10:36:50 2020...
